# JRE version: Java(TM) SE Runtime Environment (8.0_161-b12) (build 1.8.0_161-b12)
# Java VM: Java HotSpot(TM) 64-Bit Server VM (25.161-b12 mixed mode windows-amd64 compressed oops)
Heap:
 PSYoungGen      total 467456K, used 12195K [0x000000076b500000, 0x000000078b980000, 0x00000007c0000000)
  eden space 415744K, 2% used [0x000000076b500000,0x000000076c0e8e88,0x0000000784b00000)
  from space 51712K, 0% used [0x0000000788100000,0x0000000788100000,0x000000078b380000)
  to   space 55296K, 0% used [0x0000000784b00000,0x0000000784b00000,0x0000000788100000)
 ParOldGen       total 88576K, used 78944K [0x00000006c1e00000, 0x00000006c7480000, 0x000000076b500000)
  object space 88576K, 89% used [0x00000006c1e00000,0x00000006c6b18080,0x00000006c7480000)
 Metaspace       used 38134K, capacity 39960K, committed 40320K, reserved 1087488K
  class space    used 5294K, capacity 5643K, committed 5760K, reserved 1048576K
GC Heap History (10 events):
Event: 5.026 GC heap before
{Heap before GC invocations=12 (full 1):
 PSYoungGen      total 467456K, used 453986K [0x000000076b500000, 0x000000078b980000, 0x00000007c0000000)
  eden space 415744K, 100% used [0x000000076b500000,0x0000000784b00000,0x0000000784b00000)
  from space 51712K, 73% used [0x0000000788100000,0x000000078a658990,0x000000078b380000)
  to   space 55296K, 0% used [0x0000000784b00000,0x0000000784b00000,0x0000000788100000)
 ParOldGen       total 88576K, used 61452K [0x00000006c1e00000, 0x00000006c7480000, 0x000000076b500000)
  object space 88576K, 69% used [0x00000006c1e00000,0x00000006c5a03308,0x00000006c7480000)
 Metaspace       used 22022K, capacity 22906K, committed 23040K, reserved 1069056K
  class space    used 3015K, capacity 3250K, committed 3328K, reserved 1048576K
Event: 5.071 GC heap after
Heap after GC invocations=12 (full 1):
 PSYoungGen      total 471040K, used 49007K [0x000000076b500000, 0x000000078b980000, 0x00000007c0000000)
  eden space 415744K, 0% used [0x000000076b500000,0x000000076b500000,0x0000000784b00000)
  from space 55296K, 88% used [0x0000000784b00000,0x0000000787adbdf8,0x0000000788100000)
  to   space 51712K, 0% used [0x0000000788100000,0x0000000788100000,0x000000078b380000)
 ParOldGen       total 88576K, used 68460K [0x00000006c1e00000, 0x00000006c7480000, 0x000000076b500000)
  object space 88576K, 77% used [0x00000006c1e00000,0x00000006c60db318,0x00000006c7480000)
 Metaspace       used 22022K, capacity 22906K, committed 23040K, reserved 1069056K
  class space    used 3015K, capacity 3250K, committed 3328K, reserved 1048576K
}
Event: 6.003 GC heap before
{Heap before GC invocations=13 (full 1):
 PSYoungGen      total 471040K, used 464751K [0x000000076b500000, 0x000000078b980000, 0x00000007c0000000)
  eden space 415744K, 100% used [0x000000076b500000,0x0000000784b00000,0x0000000784b00000)
  from space 55296K, 88% used [0x0000000784b00000,0x0000000787adbdf8,0x0000000788100000)
  to   space 51712K, 0% used [0x0000000788100000,0x0000000788100000,0x000000078b380000)
 ParOldGen       total 88576K, used 68460K [0x00000006c1e00000, 0x00000006c7480000, 0x000000076b500000)
  object space 88576K, 77% used [0x00000006c1e00000,0x00000006c60db318,0x00000006c7480000)
 Metaspace       used 22105K, capacity 22976K, committed 23296K, reserved 1069056K
  class space    used 3022K, capacity 3251K, committed 3328K, reserved 1048576K
Event: 6.038 GC heap after
Heap after GC invocations=13 (full 1):
 PSYoungGen      total 467456K, used 44861K [0x000000076b500000, 0x000000078b980000, 0x00000007c0000000)
  eden space 415744K, 0% used [0x000000076b500000,0x000000076b500000,0x0000000784b00000)
  from space 51712K, 86% used [0x0000000788100000,0x000000078accf7a0,0x000000078b380000)
  to   space 55296K, 0% used [0x0000000784b00000,0x0000000784b00000,0x0000000788100000)
 ParOldGen       total 88576K, used 74524K [0x00000006c1e00000, 0x00000006c7480000, 0x000000076b500000)
  object space 88576K, 84% used [0x00000006c1e00000,0x00000006c66c7328,0x00000006c7480000)
 Metaspace       used 22105K, capacity 22976K, committed 23296K, reserved 1069056K
  class space    used 3022K, capacity 3251K, committed 3328K, reserved 1048576K
}
Event: 6.038 GC heap before
{Heap before GC invocations=14 (full 2):
 PSYoungGen      total 467456K, used 44861K [0x000000076b500000, 0x000000078b980000, 0x00000007c0000000)
  eden space 415744K, 0% used [0x000000076b500000,0x000000076b500000,0x0000000784b00000)
  from space 51712K, 86% used [0x0000000788100000,0x000000078accf7a0,0x000000078b380000)
  to   space 55296K, 0% used [0x0000000784b00000,0x0000000784b00000,0x0000000788100000)
 ParOldGen       total 88576K, used 74524K [0x00000006c1e00000, 0x00000006c7480000, 0x000000076b500000)
  object space 88576K, 84% used [0x00000006c1e00000,0x00000006c66c7328,0x00000006c7480000)
 Metaspace       used 22105K, capacity 22976K, committed 23296K, reserved 1069056K
  class space    used 3022K, capacity 3251K, committed 3328K, reserved 1048576K
Event: 6.101 GC heap after
Heap after GC invocations=14 (full 2):
 PSYoungGen      total 467456K, used 0K [0x000000076b500000, 0x000000078b980000, 0x00000007c0000000)
  eden space 415744K, 0% used [0x000000076b500000,0x000000076b500000,0x0000000784b00000)
  from space 51712K, 0% used [0x0000000788100000,0x0000000788100000,0x000000078b380000)
  to   space 55296K, 0% used [0x0000000784b00000,0x0000000784b00000,0x0000000788100000)
 ParOldGen       total 88576K, used 83183K [0x00000006c1e00000, 0x00000006c7480000, 0x000000076b500000)
  object space 88576K, 93% used [0x00000006c1e00000,0x00000006c6f3bc40,0x00000006c7480000)
 Metaspace       used 22105K, capacity 22976K, committed 23296K, reserved 1069056K
  class space    used 3022K, capacity 3251K, committed 3328K, reserved 1048576K
}
Event: 7.057 GC heap before
{Heap before GC invocations=15 (full 3):
 PSYoungGen      total 467456K, used 415744K [0x000000076b500000, 0x000000078b980000, 0x00000007c0000000)
  eden space 415744K, 100% used [0x000000076b500000,0x0000000784b00000,0x0000000784b00000)
  from space 51712K, 0% used [0x0000000788100000,0x0000000788100000,0x000000078b380000)
  to   space 55296K, 0% used [0x0000000784b00000,0x0000000784b00000,0x0000000788100000)
 ParOldGen       total 88576K, used 83183K [0x00000006c1e00000, 0x00000006c7480000, 0x000000076b500000)
  object space 88576K, 93% used [0x00000006c1e00000,0x00000006c6f3bc40,0x00000006c7480000)
 Metaspace       used 22961K, capacity 23826K, committed 24064K, reserved 1071104K
  class space    used 3116K, capacity 3318K, committed 3328K, reserved 1048576K
Event: 7.231 GC heap after
Heap after GC invocations=15 (full 3):
 PSYoungGen      total 467456K, used 15157K [0x000000076b500000, 0x000000078b980000, 0x00000007c0000000)
  eden space 415744K, 3% used [0x000000076b500000,0x000000076c3cd588,0x0000000784b00000)
  from space 51712K, 0% used [0x0000000788100000,0x0000000788100000,0x000000078b380000)
  to   space 55296K, 0% used [0x0000000784b00000,0x0000000784b00000,0x0000000788100000)
 ParOldGen       total 88576K, used 88469K [0x00000006c1e00000, 0x00000006c7480000, 0x000000076b500000)
  object space 88576K, 99% used [0x00000006c1e00000,0x00000006c74656c8,0x00000006c7480000)
 Metaspace       used 22961K, capacity 23826K, committed 24064K, reserved 1071104K
  class space    used 3116K, capacity 3318K, committed 3328K, reserved 1048576K
}
Event: 8.537 GC heap before
{Heap before GC invocations=16 (full 4):
 PSYoungGen      total 467456K, used 363387K [0x000000076b500000, 0x000000078b980000, 0x00000007c0000000)
  eden space 415744K, 87% used [0x000000076b500000,0x00000007817dec10,0x0000000784b00000)
  from space 51712K, 0% used [0x0000000788100000,0x0000000788100000,0x000000078b380000)
  to   space 55296K, 0% used [0x0000000784b00000,0x0000000784b00000,0x0000000788100000)
 ParOldGen       total 88576K, used 88469K [0x00000006c1e00000, 0x00000006c7480000, 0x000000076b500000)
  object space 88576K, 99% used [0x00000006c1e00000,0x00000006c74656c8,0x00000006c7480000)
 Metaspace       used 38128K, capacity 39896K, committed 40064K, reserved 1087488K
  class space    used 5291K, capacity 5643K, committed 5760K, reserved 1048576K
Event: 8.615 GC heap after
Heap after GC invocations=16 (full 4):
 PSYoungGen      total 467456K, used 0K [0x000000076b500000, 0x000000078b980000, 0x00000007c0000000)
  eden space 415744K, 0% used [0x000000076b500000,0x000000076b500000,0x0000000784b00000)
  from space 51712K, 0% used [0x0000000788100000,0x0000000788100000,0x000000078b380000)
  to   space 55296K, 0% used [0x0000000784b00000,0x0000000784b00000,0x0000000788100000)
 ParOldGen       total 88576K, used 78944K [0x00000006c1e00000, 0x00000006c7480000, 0x000000076b500000)
  object space 88576K, 89% used [0x00000006c1e00000,0x00000006c6b18080,0x00000006c7480000)
 Metaspace       used 38128K, capacity 39896K, committed 40064K, reserved 1087488K
  class space    used 5291K, capacity 5643K, committed 5760K, reserved 1048576K
}

